#
# There is insufficient memory for the Java Runtime Environment to continue.
# Native memory allocation (mmap) failed to map 134217728 bytes for G1 virtual space
# Possible reasons:
#   The system is out of physical RAM or swap space
#   The process is running with CompressedOops enabled, and the Java Heap may be blocking the growth of the native heap
# Possible solutions:
#   Reduce memory load on the system
#   Increase physical memory or swap space
#   Check if swap backing store is full
#   Decrease Java heap size (-Xmx/-Xms)
#   Decrease number of Java threads
#   Decrease Java thread stack sizes (-Xss)
#   Set larger code cache with -XX:ReservedCodeCacheSize=
#   JVM is running with Unscaled Compressed Oops mode in which the Java heap is
#     placed in the first 4GB address space. The Java Heap base address is the
#     maximum limit for the native heap growth. Please use -XX:HeapBaseMinAddress
#     to set the Java Heap base and to place the Java Heap above 4GB virtual address.
# This output file may be truncated or incomplete.
#
#  Out of Memory Error (os_windows.cpp:3469), pid=64488, tid=29508
#
# JRE version:  (17.0.1+12) (build )
# Java VM: OpenJDK 64-Bit Server VM (17.0.1+12-39, mixed mode, emulated-client, sharing, tiered, compressed oops, compressed class ptrs, g1 gc, windows-amd64)
# No core dump will be written. Minidumps are not enabled by default on client versions of Windows
#

---------------  S U M M A R Y ------------

Command Line: -XX:TieredStopAtLevel=1 com.tradingbot.backend.TradingBotApplication

Host: Intel(R) Core(TM) i5-4278U CPU @ 2.60GHz, 4 cores, 7G,  Windows 10 , 64 bit Build 19041 (10.0.19041.5794)
Time: Sun May 25 17:55:47 2025 Eastern Daylight Time elapsed time: 0.410086 seconds (0d 0h 0m 0s)

---------------  T H R E A D  ---------------

Current thread (0x000001c43dbb15b0):  JavaThread "Unknown thread" [_thread_in_vm, id=29508, stack(0x000000ba4f400000,0x000000ba4f500000)]

Stack: [0x000000ba4f400000,0x000000ba4f500000]
Native frames: (J=compiled Java code, j=interpreted, Vv=VM code, C=native code)
V  [jvm.dll+0x66fa1a]
V  [jvm.dll+0x7ce5a4]
V  [jvm.dll+0x7cfd4e]
V  [jvm.dll+0x7d03b3]
V  [jvm.dll+0x242b05]
V  [jvm.dll+0x66ca39]
V  [jvm.dll+0x661502]
V  [jvm.dll+0x30081b]
V  [jvm.dll+0x307da6]
V  [jvm.dll+0x357a1e]
V  [jvm.dll+0x357c4f]
V  [jvm.dll+0x2d7ad8]
V  [jvm.dll+0x2d8a44]
V  [jvm.dll+0x7a01e1]
V  [jvm.dll+0x365791]
V  [jvm.dll+0x77f6cc]
V  [jvm.dll+0x3e812f]
V  [jvm.dll+0x3e9bd1]
C  [jli.dll+0x527b]
C  [ucrtbase.dll+0x21bb2]
C  [KERNEL32.DLL+0x17374]
C  [ntdll.dll+0x4cc91]


---------------  P R O C E S S  ---------------

Threads class SMR info:
_java_thread_list=0x00007ffd13cf7818, length=0, elements={
}

Java Threads: ( => current thread )

Other Threads:
  0x000001c43dbed3d0 GCTaskThread "GC Thread#0" [stack: 0x000000ba4f600000,0x000000ba4f700000] [id=42604]
  0x000001c43dc00470 ConcurrentGCThread "G1 Main Marker" [stack: 0x000000ba4f700000,0x000000ba4f800000] [id=60352]
  0x000001c43dc00e80 ConcurrentGCThread "G1 Conc#0" [stack: 0x000000ba4f800000,0x000000ba4f900000] [id=10396]

[error occurred during error reporting (printing all threads), id 0xc0000005, EXCEPTION_ACCESS_VIOLATION (0xc0000005) at pc=0x00007ffd135484b7]

VM state: not at safepoint (not fully initialized)

VM Mutex/Monitor currently owned by a thread:  ([mutex/lock_event])
[0x000001c43dbacd70] Heap_lock - owner thread: 0x000001c43dbb15b0

Heap address: 0x0000000081600000, size: 2026 MB, Compressed Oops mode: 32-bit

CDS archive(s) mapped at: [0x0000000000000000-0x0000000000000000-0x0000000000000000), size 0, SharedBaseAddress: 0x0000000800000000, ArchiveRelocationMode: 0.
Narrow klass base: 0x0000000000000000, Narrow klass shift: 0, Narrow klass range: 0x0

GC Precious Log:
<Empty>

Heap:
 garbage-first heap   total 0K, used 0K [0x0000000081600000, 0x0000000100000000)
  region size 1024K, 0 young (0K), 0 survivors (0K)

[error occurred during error reporting (printing heap information), id 0xc0000005, EXCEPTION_ACCESS_VIOLATION (0xc0000005) at pc=0x00007ffd13928d89]

GC Heap History (0 events):
No events

Deoptimization events (0 events):
No events

Classes unloaded (0 events):
No events

Classes redefined (0 events):
No events

Internal exceptions (0 events):
No events

VM Operations (0 events):
No events

Events (1 events):
Event: 0.028 Loaded shared library C:\Program Files\Java\jdk-17.0.1\bin\java.dll


Dynamic libraries:
0x00007ff792ad0000 - 0x00007ff792ade000 	C:\Program Files\Java\jdk-17.0.1\bin\java.exe
0x00007ffd9e7d0000 - 0x00007ffd9e9c8000 	C:\WINDOWS\SYSTEM32\ntdll.dll
0x00007ffd9caa0000 - 0x00007ffd9cb62000 	C:\WINDOWS\System32\KERNEL32.DLL
0x00007ffd9c2e0000 - 0x00007ffd9c5d6000 	C:\WINDOWS\System32\KERNELBASE.dll
0x00007ffd9c090000 - 0x00007ffd9c190000 	C:\WINDOWS\System32\ucrtbase.dll
0x00007ffd8b6e0000 - 0x00007ffd8b6f8000 	C:\Program Files\Java\jdk-17.0.1\bin\jli.dll
0x00007ffd9c800000 - 0x00007ffd9c99d000 	C:\WINDOWS\System32\USER32.dll
0x00007ffd9c670000 - 0x00007ffd9c692000 	C:\WINDOWS\System32\win32u.dll
0x00007ffd9cd10000 - 0x00007ffd9cd3b000 	C:\WINDOWS\System32\GDI32.dll
0x00007ffd9c1c0000 - 0x00007ffd9c2da000 	C:\WINDOWS\System32\gdi32full.dll
0x00007ffd9bff0000 - 0x00007ffd9c08d000 	C:\WINDOWS\System32\msvcp_win.dll
0x00007ffd91600000 - 0x00007ffd9161a000 	C:\Program Files\Java\jdk-17.0.1\bin\VCRUNTIME140.dll
0x00007ffd781b0000 - 0x00007ffd7844a000 	C:\WINDOWS\WinSxS\amd64_microsoft.windows.common-controls_6595b64144ccf1df_6.0.19041.5794_none_60bcd33171f2783c\COMCTL32.dll
0x00007ffd9cf80000 - 0x00007ffd9d01e000 	C:\WINDOWS\System32\msvcrt.dll
0x00007ffd9ce70000 - 0x00007ffd9ce9f000 	C:\WINDOWS\System32\IMM32.DLL
0x00007ffd95730000 - 0x00007ffd9573c000 	C:\Program Files\Java\jdk-17.0.1\bin\vcruntime140_1.dll
0x00007ffd4ce80000 - 0x00007ffd4cf0d000 	C:\Program Files\Java\jdk-17.0.1\bin\msvcp140.dll
0x00007ffd13260000 - 0x00007ffd13e1e000 	C:\Program Files\Java\jdk-17.0.1\bin\server\jvm.dll
0x00007ffd9d270000 - 0x00007ffd9d31f000 	C:\WINDOWS\System32\ADVAPI32.dll
0x00007ffd9c9a0000 - 0x00007ffd9ca3f000 	C:\WINDOWS\System32\sechost.dll
0x00007ffd9cd40000 - 0x00007ffd9ce63000 	C:\WINDOWS\System32\RPCRT4.dll
0x00007ffd9c190000 - 0x00007ffd9c1b7000 	C:\WINDOWS\System32\bcrypt.dll
0x00007ffd9cca0000 - 0x00007ffd9cca8000 	C:\WINDOWS\System32\PSAPI.DLL
0x00007ffd85fa0000 - 0x00007ffd85fa9000 	C:\WINDOWS\SYSTEM32\WSOCK32.dll
0x00007ffd9d8f0000 - 0x00007ffd9d95b000 	C:\WINDOWS\System32\WS2_32.dll
0x00007ffd7a670000 - 0x00007ffd7a697000 	C:\WINDOWS\SYSTEM32\WINMM.dll
0x00007ffd914b0000 - 0x00007ffd914ba000 	C:\WINDOWS\SYSTEM32\VERSION.dll
0x00007ffd99cf0000 - 0x00007ffd99d02000 	C:\WINDOWS\SYSTEM32\kernel.appcore.dll
0x00007ffd8b6d0000 - 0x00007ffd8b6da000 	C:\Program Files\Java\jdk-17.0.1\bin\jimage.dll
0x00007ffd927c0000 - 0x00007ffd929c1000 	C:\WINDOWS\SYSTEM32\DBGHELP.DLL
0x00007ffd92760000 - 0x00007ffd92794000 	C:\WINDOWS\SYSTEM32\dbgcore.DLL
0x00007ffd9c5e0000 - 0x00007ffd9c662000 	C:\WINDOWS\System32\bcryptPrimitives.dll
0x00007ffd79300000 - 0x00007ffd79325000 	C:\Program Files\Java\jdk-17.0.1\bin\java.dll

dbghelp: loaded successfully - version: 4.0.5 - missing functions: none
symbol engine: initialized successfully - sym options: 0x614 - pdb path: .;C:\Program Files\Java\jdk-17.0.1\bin;C:\WINDOWS\SYSTEM32;C:\WINDOWS\WinSxS\amd64_microsoft.windows.common-controls_6595b64144ccf1df_6.0.19041.5794_none_60bcd33171f2783c;C:\Program Files\Java\jdk-17.0.1\bin\server

VM Arguments:
jvm_args: -XX:TieredStopAtLevel=1 
java_command: com.tradingbot.backend.TradingBotApplication
java_class_path (initial): C:\Users\killak\Desktop\TBOT\target\classes;C:\Users\killak\.m2\repository\org\apache\logging\log4j\log4j-to-slf4j\2.21.1\log4j-to-slf4j-2.21.1.jar;C:\Users\killak\.m2\repository\org\apache\logging\log4j\log4j-api\2.21.1\log4j-api-2.21.1.jar;C:\Users\killak\.m2\repository\org\slf4j\jul-to-slf4j\2.0.9\jul-to-slf4j-2.0.9.jar;C:\Users\killak\.m2\repository\jakarta\annotation\jakarta.annotation-api\2.1.1\jakarta.annotation-api-2.1.1.jar;C:\Users\killak\.m2\repository\org\yaml\snakeyaml\2.2\snakeyaml-2.2.jar;C:\Users\killak\.m2\repository\com\fasterxml\jackson\datatype\jackson-datatype-jdk8\2.15.3\jackson-datatype-jdk8-2.15.3.jar;C:\Users\killak\.m2\repository\com\fasterxml\jackson\module\jackson-module-parameter-names\2.15.3\jackson-module-parameter-names-2.15.3.jar;C:\Users\killak\.m2\repository\org\apache\tomcat\embed\tomcat-embed-core\10.1.16\tomcat-embed-core-10.1.16.jar;C:\Users\killak\.m2\repository\org\apache\tomcat\embed\tomcat-embed-el\10.1.16\tomcat-embed-el-10.1.16.jar;C:\Users\killak\.m2\repository\org\apache\tomcat\embed\tomcat-embed-websocket\10.1.16\tomcat-embed-websocket-10.1.16.jar;C:\Users\killak\.m2\repository\org\springframework\spring-web\6.1.1\spring-web-6.1.1.jar;C:\Users\killak\.m2\repository\org\springframework\spring-beans\6.1.1\spring-beans-6.1.1.jar;C:\Users\killak\.m2\repository\io\micrometer\micrometer-observation\1.12.0\micrometer-observation-1.12.0.jar;C:\Users\killak\.m2\repository\io\micrometer\micrometer-commons\1.12.0\micrometer-commons-1.12.0.jar;C:\Users\killak\.m2\repository\org\springframework\spring-webmvc\6.1.1\spring-webmvc-6.1.1.jar;C:\Users\killak\.m2\repository\org\springframework\spring-aop\6.1.1\spring-aop-6.1.1.jar;C:\Users\killak\.m2\repository\org\springframework\spring-context\6.1.1\spring-context-6.1.1.jar;C:\Users\killak\.m2\repository\org\springframework\spring-expression\6.1.1\spring-expression-6.1.1.jar;C:\Users\killak\.m2\repository\org\springframework\spring-messaging\6.1.1\spring-me
Launcher Type: SUN_STANDARD

[Global flags]
     intx CICompilerCount                          = 3                                         {product} {ergonomic}
     uint ConcGCThreads                            = 1                                         {product} {ergonomic}
     uint G1ConcRefinementThreads                  = 4                                         {product} {ergonomic}
   size_t G1HeapRegionSize                         = 1048576                                   {product} {ergonomic}
    uintx GCDrainStackTargetSize                   = 64                                        {product} {ergonomic}
   size_t InitialHeapSize                          = 134217728                                 {product} {ergonomic}
   size_t MarkStackSize                            = 4194304                                   {product} {ergonomic}
   size_t MaxHeapSize                              = 2124414976                                {product} {ergonomic}
   size_t MinHeapDeltaBytes                        = 1048576                                   {product} {ergonomic}
   size_t MinHeapSize                              = 8388608                                   {product} {ergonomic}
    uintx NonProfiledCodeHeapSize                  = 0                                      {pd product} {ergonomic}
     bool ProfileInterpreter                       = false                                  {pd product} {command line}
    uintx ProfiledCodeHeapSize                     = 0                                      {pd product} {ergonomic}
   size_t SoftMaxHeapSize                          = 2124414976                             {manageable} {ergonomic}
     intx TieredStopAtLevel                        = 1                                         {product} {command line}
     bool UseCompressedClassPointers               = true                           {product lp64_product} {ergonomic}
     bool UseCompressedOops                        = true                           {product lp64_product} {ergonomic}
     bool UseG1GC                                  = true                                      {product} {ergonomic}
     bool UseLargePagesIndividualAllocation        = false                                  {pd product} {ergonomic}

Logging:
Log output configuration:
 #0: stdout all=warning uptime,level,tags
 #1: stderr all=off uptime,level,tags

Environment Variables:
JAVA_HOME=C:\Program Files\Java\jdk-17.0.1
PATH=C:\Python313\Scripts\;C:\Python313\;c:\Users\killak\AppData\Local\Programs\cursor\resources\app\bin;C:\Program Files\Google\Chrome\Application;C:\Program Files (x86)\Intel\iCLS Client\;C:\Program Files\Intel\iCLS Client\;C:\WINDOWS\system32;C:\WINDOWS;C:\WINDOWS\System32\Wbem;C:\WINDOWS\System32\WindowsPowerShell\v1.0\;C:\WINDOWS\System32\OpenSSH\;C:\Users\killak\AppData\Local\Microsoft\WindowsApps;c:\Users\killak\AppData\Local\Programs\cursor\resources\app\bin;c:\Users\killak\AppData\Local\Programs\cursor\resources\app\bin;C:\Program Files\nodejs\;C:\ProgramData\chocolatey\bin;C:\Program Files\Java\jdk-17.0.1\bin;C:\Program Files\Maven\apache-maven-3.9.9\bin;C:\Users\killak\AppData\Local\Microsoft\WindowsApps;C:\Users\killak\AppData\Local\Programs\cursor\resources\app\bin;C:\Users\killak\AppData\Roaming\npm;C:\Users\killak\AppData\Local\Programs\Microsoft VS Code\bin;
USERNAME=killak
LANG=en_US.UTF-8
OS=Windows_NT
PROCESSOR_IDENTIFIER=Intel64 Family 6 Model 69 Stepping 1, GenuineIntel



---------------  S Y S T E M  ---------------

OS:
 Windows 10 , 64 bit Build 19041 (10.0.19041.5794)
OS uptime: 8 days 11:03 hours

CPU: total 4 (initial active 4) (2 cores per cpu, 2 threads per core) family 6 model 69 stepping 1 microcode 0x26, cx8, cmov, fxsr, ht, mmx, sse, sse2, sse3, ssse3, sse4.1, sse4.2, popcnt, lzcnt, tsc, tscinvbit, avx, avx2, aes, erms, clmul, bmi1, bmi2, fma, vzeroupper, clflush

Memory: 4k page, system-wide physical 8100M (508M free)
TotalPageFile size 14898M (AvailPageFile size 91M)
current process WorkingSet (physical memory assigned to process): 10M, peak: 10M
current process commit charge ("private bytes"): 46M, peak: 174M

vm_info: OpenJDK 64-Bit Server VM (17.0.1+12-39) for windows-amd64 JRE (17.0.1+12-39), built on Sep 27 2021 18:39:29 by "mach5one" with MS VC++ 16.8 (VS2019)

END.
