#
# There is insufficient memory for the Java Runtime Environment to continue.
# Native memory allocation (malloc) failed to allocate 237440 bytes for Chunk::new
# Possible reasons:
#   The system is out of physical RAM or swap space
#   The process is running with CompressedOops enabled, and the Java Heap may be blocking the growth of the native heap
# Possible solutions:
#   Reduce memory load on the system
#   Increase physical memory or swap space
#   Check if swap backing store is full
#   Decrease Java heap size (-Xmx/-Xms)
#   Decrease number of Java threads
#   Decrease Java thread stack sizes (-Xss)
#   Set larger code cache with -XX:ReservedCodeCacheSize=
#   JVM is running with Unscaled Compressed Oops mode in which the Java heap is
#     placed in the first 4GB address space. The Java Heap base address is the
#     maximum limit for the native heap growth. Please use -XX:HeapBaseMinAddress
#     to set the Java Heap base and to place the Java Heap above 4GB virtual address.
# This output file may be truncated or incomplete.
#
#  Out of Memory Error (arena.cpp:189), pid=34688, tid=15884
#
# JRE version: OpenJDK Runtime Environment (17.0.1+12) (build 17.0.1+12-39)
# Java VM: OpenJDK 64-Bit Server VM (17.0.1+12-39, mixed mode, sharing, tiered, compressed oops, compressed class ptrs, g1 gc, windows-amd64)
# No core dump will be written. Minidumps are not enabled by default on client versions of Windows
#

---------------  S U M M A R Y ------------

Command Line: -Dnet.bytebuddy.agent.attacher.dump= net.bytebuddy.agent.Attacher com.sun.tools.attach.VirtualMachine 23004 C:\Users\killak\.m2\repository\net\bytebuddy\byte-buddy-agent\1.14.4\byte-buddy-agent-1.14.4.jar false 

Host: Intel(R) Core(TM) i5-4278U CPU @ 2.60GHz, 4 cores, 7G,  Windows 10 , 64 bit Build 19041 (10.0.19041.5794)
Time: Sat May 24 04:41:30 2025 Eastern Daylight Time elapsed time: 0.272215 seconds (0d 0h 0m 0s)

---------------  T H R E A D  ---------------

Current thread (0x000001567294b730):  JavaThread "C2 CompilerThread0" daemon [_thread_in_native, id=15884, stack(0x0000001fc9e00000,0x0000001fc9f00000)]


Current CompileTask:
C2:    272  287       4       java.io.StreamTokenizer::nextToken (1266 bytes)

Stack: [0x0000001fc9e00000,0x0000001fc9f00000]
Native frames: (J=compiled Java code, j=interpreted, Vv=VM code, C=native code)
V  [jvm.dll+0x66fa1a]
V  [jvm.dll+0x7ce5a4]
V  [jvm.dll+0x7cfd4e]
V  [jvm.dll+0x7d03b3]
V  [jvm.dll+0x242b05]
V  [jvm.dll+0xaa05b]
V  [jvm.dll+0xaa5ec]
V  [jvm.dll+0x35fa07]
V  [jvm.dll+0x1b9732]
V  [jvm.dll+0x215d49]
V  [jvm.dll+0x215011]
V  [jvm.dll+0x1a168d]
V  [jvm.dll+0x224848]
V  [jvm.dll+0x2229ac]
V  [jvm.dll+0x78435b]
V  [jvm.dll+0x77e91a]
V  [jvm.dll+0x66e845]
C  [ucrtbase.dll+0x21bb2]
C  [KERNEL32.DLL+0x17374]
C  [ntdll.dll+0x4cc91]


---------------  P R O C E S S  ---------------

Threads class SMR info:
_java_thread_list=0x00000156736aedd0, length=11, elements={
0x000001567292a950, 0x000001567292df70, 0x0000015672940c80, 0x0000015672944a60,
0x0000015672945bb0, 0x0000015672946d00, 0x000001567294b730, 0x000001567294e980,
0x0000015672963f30, 0x0000015673498a50, 0x00000156734bdc00
}

Java Threads: ( => current thread )
  0x000001567292a950 JavaThread "Reference Handler" daemon [_thread_blocked, id=8692, stack(0x0000001fc9800000,0x0000001fc9900000)]
  0x000001567292df70 JavaThread "Finalizer" daemon [_thread_blocked, id=55108, stack(0x0000001fc9900000,0x0000001fc9a00000)]
  0x0000015672940c80 JavaThread "Signal Dispatcher" daemon [_thread_blocked, id=73300, stack(0x0000001fc9a00000,0x0000001fc9b00000)]
  0x0000015672944a60 JavaThread "Attach Listener" daemon [_thread_blocked, id=10608, stack(0x0000001fc9b00000,0x0000001fc9c00000)]
  0x0000015672945bb0 JavaThread "Service Thread" daemon [_thread_blocked, id=42424, stack(0x0000001fc9c00000,0x0000001fc9d00000)]
  0x0000015672946d00 JavaThread "Monitor Deflation Thread" daemon [_thread_blocked, id=57276, stack(0x0000001fc9d00000,0x0000001fc9e00000)]
=>0x000001567294b730 JavaThread "C2 CompilerThread0" daemon [_thread_in_native, id=15884, stack(0x0000001fc9e00000,0x0000001fc9f00000)]
  0x000001567294e980 JavaThread "C1 CompilerThread0" daemon [_thread_blocked, id=56416, stack(0x0000001fc9f00000,0x0000001fca000000)]
  0x0000015672963f30 JavaThread "Sweeper thread" daemon [_thread_blocked, id=26548, stack(0x0000001fca000000,0x0000001fca100000)]
  0x0000015673498a50 JavaThread "Notification Thread" daemon [_thread_blocked, id=42208, stack(0x0000001fca100000,0x0000001fca200000)]
  0x00000156734bdc00 JavaThread "Common-Cleaner" daemon [_thread_blocked, id=75512, stack(0x0000001fca300000,0x0000001fca400000)]

Other Threads:
  0x00000156729248f0 VMThread "VM Thread" [stack: 0x0000001fc9700000,0x0000001fc9800000] [id=35292] _threads_hazard_ptr=0x00000156736aedd0
  0x00000156532353a0 GCTaskThread "GC Thread#0" [stack: 0x0000001fc9200000,0x0000001fc9300000] [id=14092]
  0x0000015653246020 ConcurrentGCThread "G1 Main Marker" terminated
  0x0000015653247a40 ConcurrentGCThread "G1 Conc#0" [stack: 0x0000001fc9400000,0x0000001fc9500000] [id=37768]
  0x00000156532bd1f0 ConcurrentGCThread "G1 Refine#0" terminated
  0x00000156532bdc10 ConcurrentGCThread "G1 Service" terminated

Threads with active compile tasks:
C2 CompilerThread0      314  287       4       java.io.StreamTokenizer::nextToken (1266 bytes)

VM state: at safepoint (normal execution)

VM Mutex/Monitor currently owned by a thread:  ([mutex/lock_event])
[0x00000156531f6b40] Threads_lock - owner thread: 0x00000156729248f0
[0x00000156531f63f0] Heap_lock - owner thread: 0x000001565314af80

Heap address: 0x0000000081600000, size: 2026 MB, Compressed Oops mode: 32-bit

CDS archive(s) mapped at: [0x0000000800000000-0x0000000800bc0000-0x0000000800bc0000), size 12320768, SharedBaseAddress: 0x0000000800000000, ArchiveRelocationMode: 0.
Compressed class space mapped at: 0x0000000800c00000-0x0000000840c00000, reserved size: 1073741824
Narrow klass base: 0x0000000800000000, Narrow klass shift: 0, Narrow klass range: 0x100000000

GC Precious Log:
 CPUs: 4 total, 4 available
 Memory: 8100M
 Large Page Support: Disabled
 NUMA Support: Disabled
 Compressed Oops: Enabled (32-bit)
 Heap Region Size: 1M
 Heap Min Capacity: 8M
 Heap Initial Capacity: 128M
 Heap Max Capacity: 2026M
 Pre-touch: Disabled
 Parallel Workers: 4
 Concurrent Workers: 1
 Concurrent Refinement Workers: 4
 Periodic GC: Disabled

Heap:
 garbage-first heap   total 131072K, used 2048K [0x0000000081600000, 0x0000000100000000)
  region size 1024K, 3 young (3072K), 0 survivors (0K)
 Metaspace       used 1027K, committed 1216K, reserved 1056768K
  class space    used 99K, committed 192K, reserved 1048576K

Heap Regions: E=young(eden), S=young(survivor), O=old, HS=humongous(starts), HC=humongous(continues), CS=collection set, F=free, OA=open archive, CA=closed archive, TAMS=top-at-mark-start (previous, next)
|   0|0x0000000081600000, 0x0000000081600000, 0x0000000081700000|  0%| F|  |TAMS 0x0000000081600000, 0x0000000081600000| Untracked 
|   1|0x0000000081700000, 0x0000000081700000, 0x0000000081800000|  0%| F|  |TAMS 0x0000000081700000, 0x0000000081700000| Untracked 
|   2|0x0000000081800000, 0x0000000081800000, 0x0000000081900000|  0%| F|  |TAMS 0x0000000081800000, 0x0000000081800000| Untracked 
|   3|0x0000000081900000, 0x0000000081900000, 0x0000000081a00000|  0%| F|  |TAMS 0x0000000081900000, 0x0000000081900000| Untracked 
|   4|0x0000000081a00000, 0x0000000081a00000, 0x0000000081b00000|  0%| F|  |TAMS 0x0000000081a00000, 0x0000000081a00000| Untracked 
|   5|0x0000000081b00000, 0x0000000081b00000, 0x0000000081c00000|  0%| F|  |TAMS 0x0000000081b00000, 0x0000000081b00000| Untracked 
|   6|0x0000000081c00000, 0x0000000081c00000, 0x0000000081d00000|  0%| F|  |TAMS 0x0000000081c00000, 0x0000000081c00000| Untracked 
|   7|0x0000000081d00000, 0x0000000081d00000, 0x0000000081e00000|  0%| F|  |TAMS 0x0000000081d00000, 0x0000000081d00000| Untracked 
|   8|0x0000000081e00000, 0x0000000081e00000, 0x0000000081f00000|  0%| F|  |TAMS 0x0000000081e00000, 0x0000000081e00000| Untracked 
|   9|0x0000000081f00000, 0x0000000081f00000, 0x0000000082000000|  0%| F|  |TAMS 0x0000000081f00000, 0x0000000081f00000| Untracked 
|  10|0x0000000082000000, 0x0000000082000000, 0x0000000082100000|  0%| F|  |TAMS 0x0000000082000000, 0x0000000082000000| Untracked 
|  11|0x0000000082100000, 0x0000000082100000, 0x0000000082200000|  0%| F|  |TAMS 0x0000000082100000, 0x0000000082100000| Untracked 
|  12|0x0000000082200000, 0x0000000082200000, 0x0000000082300000|  0%| F|  |TAMS 0x0000000082200000, 0x0000000082200000| Untracked 
|  13|0x0000000082300000, 0x0000000082300000, 0x0000000082400000|  0%| F|  |TAMS 0x0000000082300000, 0x0000000082300000| Untracked 
|  14|0x0000000082400000, 0x0000000082400000, 0x0000000082500000|  0%| F|  |TAMS 0x0000000082400000, 0x0000000082400000| Untracked 
|  15|0x0000000082500000, 0x0000000082500000, 0x0000000082600000|  0%| F|  |TAMS 0x0000000082500000, 0x0000000082500000| Untracked 
|  16|0x0000000082600000, 0x0000000082600000, 0x0000000082700000|  0%| F|  |TAMS 0x0000000082600000, 0x0000000082600000| Untracked 
|  17|0x0000000082700000, 0x0000000082700000, 0x0000000082800000|  0%| F|  |TAMS 0x0000000082700000, 0x0000000082700000| Untracked 
|  18|0x0000000082800000, 0x0000000082800000, 0x0000000082900000|  0%| F|  |TAMS 0x0000000082800000, 0x0000000082800000| Untracked 
|  19|0x0000000082900000, 0x0000000082900000, 0x0000000082a00000|  0%| F|  |TAMS 0x0000000082900000, 0x0000000082900000| Untracked 
|  20|0x0000000082a00000, 0x0000000082a00000, 0x0000000082b00000|  0%| F|  |TAMS 0x0000000082a00000, 0x0000000082a00000| Untracked 
|  21|0x0000000082b00000, 0x0000000082b00000, 0x0000000082c00000|  0%| F|  |TAMS 0x0000000082b00000, 0x0000000082b00000| Untracked 
|  22|0x0000000082c00000, 0x0000000082c00000, 0x0000000082d00000|  0%| F|  |TAMS 0x0000000082c00000, 0x0000000082c00000| Untracked 
|  23|0x0000000082d00000, 0x0000000082d00000, 0x0000000082e00000|  0%| F|  |TAMS 0x0000000082d00000, 0x0000000082d00000| Untracked 
|  24|0x0000000082e00000, 0x0000000082e00000, 0x0000000082f00000|  0%| F|  |TAMS 0x0000000082e00000, 0x0000000082e00000| Untracked 
|  25|0x0000000082f00000, 0x0000000082f00000, 0x0000000083000000|  0%| F|  |TAMS 0x0000000082f00000, 0x0000000082f00000| Untracked 
|  26|0x0000000083000000, 0x0000000083000000, 0x0000000083100000|  0%| F|  |TAMS 0x0000000083000000, 0x0000000083000000| Untracked 
|  27|0x0000000083100000, 0x0000000083100000, 0x0000000083200000|  0%| F|  |TAMS 0x0000000083100000, 0x0000000083100000| Untracked 
|  28|0x0000000083200000, 0x0000000083200000, 0x0000000083300000|  0%| F|  |TAMS 0x0000000083200000, 0x0000000083200000| Untracked 
|  29|0x0000000083300000, 0x0000000083300000, 0x0000000083400000|  0%| F|  |TAMS 0x0000000083300000, 0x0000000083300000| Untracked 
|  30|0x0000000083400000, 0x0000000083400000, 0x0000000083500000|  0%| F|  |TAMS 0x0000000083400000, 0x0000000083400000| Untracked 
|  31|0x0000000083500000, 0x0000000083500000, 0x0000000083600000|  0%| F|  |TAMS 0x0000000083500000, 0x0000000083500000| Untracked 
|  32|0x0000000083600000, 0x0000000083600000, 0x0000000083700000|  0%| F|  |TAMS 0x0000000083600000, 0x0000000083600000| Untracked 
|  33|0x0000000083700000, 0x0000000083700000, 0x0000000083800000|  0%| F|  |TAMS 0x0000000083700000, 0x0000000083700000| Untracked 
|  34|0x0000000083800000, 0x0000000083800000, 0x0000000083900000|  0%| F|  |TAMS 0x0000000083800000, 0x0000000083800000| Untracked 
|  35|0x0000000083900000, 0x0000000083900000, 0x0000000083a00000|  0%| F|  |TAMS 0x0000000083900000, 0x0000000083900000| Untracked 
|  36|0x0000000083a00000, 0x0000000083a00000, 0x0000000083b00000|  0%| F|  |TAMS 0x0000000083a00000, 0x0000000083a00000| Untracked 
|  37|0x0000000083b00000, 0x0000000083b00000, 0x0000000083c00000|  0%| F|  |TAMS 0x0000000083b00000, 0x0000000083b00000| Untracked 
|  38|0x0000000083c00000, 0x0000000083c00000, 0x0000000083d00000|  0%| F|  |TAMS 0x0000000083c00000, 0x0000000083c00000| Untracked 
|  39|0x0000000083d00000, 0x0000000083d00000, 0x0000000083e00000|  0%| F|  |TAMS 0x0000000083d00000, 0x0000000083d00000| Untracked 
|  40|0x0000000083e00000, 0x0000000083e00000, 0x0000000083f00000|  0%| F|  |TAMS 0x0000000083e00000, 0x0000000083e00000| Untracked 
|  41|0x0000000083f00000, 0x0000000083f00000, 0x0000000084000000|  0%| F|  |TAMS 0x0000000083f00000, 0x0000000083f00000| Untracked 
|  42|0x0000000084000000, 0x0000000084000000, 0x0000000084100000|  0%| F|  |TAMS 0x0000000084000000, 0x0000000084000000| Untracked 
|  43|0x0000000084100000, 0x0000000084100000, 0x0000000084200000|  0%| F|  |TAMS 0x0000000084100000, 0x0000000084100000| Untracked 
|  44|0x0000000084200000, 0x0000000084200000, 0x0000000084300000|  0%| F|  |TAMS 0x0000000084200000, 0x0000000084200000| Untracked 
|  45|0x0000000084300000, 0x0000000084300000, 0x0000000084400000|  0%| F|  |TAMS 0x0000000084300000, 0x0000000084300000| Untracked 
|  46|0x0000000084400000, 0x0000000084400000, 0x0000000084500000|  0%| F|  |TAMS 0x0000000084400000, 0x0000000084400000| Untracked 
|  47|0x0000000084500000, 0x0000000084500000, 0x0000000084600000|  0%| F|  |TAMS 0x0000000084500000, 0x0000000084500000| Untracked 
|  48|0x0000000084600000, 0x0000000084600000, 0x0000000084700000|  0%| F|  |TAMS 0x0000000084600000, 0x0000000084600000| Untracked 
|  49|0x0000000084700000, 0x0000000084700000, 0x0000000084800000|  0%| F|  |TAMS 0x0000000084700000, 0x0000000084700000| Untracked 
|  50|0x0000000084800000, 0x0000000084800000, 0x0000000084900000|  0%| F|  |TAMS 0x0000000084800000, 0x0000000084800000| Untracked 
|  51|0x0000000084900000, 0x0000000084900000, 0x0000000084a00000|  0%| F|  |TAMS 0x0000000084900000, 0x0000000084900000| Untracked 
|  52|0x0000000084a00000, 0x0000000084a00000, 0x0000000084b00000|  0%| F|  |TAMS 0x0000000084a00000, 0x0000000084a00000| Untracked 
|  53|0x0000000084b00000, 0x0000000084b00000, 0x0000000084c00000|  0%| F|  |TAMS 0x0000000084b00000, 0x0000000084b00000| Untracked 
|  54|0x0000000084c00000, 0x0000000084c00000, 0x0000000084d00000|  0%| F|  |TAMS 0x0000000084c00000, 0x0000000084c00000| Untracked 
|  55|0x0000000084d00000, 0x0000000084d00000, 0x0000000084e00000|  0%| F|  |TAMS 0x0000000084d00000, 0x0000000084d00000| Untracked 
|  56|0x0000000084e00000, 0x0000000084e00000, 0x0000000084f00000|  0%| F|  |TAMS 0x0000000084e00000, 0x0000000084e00000| Untracked 
|  57|0x0000000084f00000, 0x0000000084f00000, 0x0000000085000000|  0%| F|  |TAMS 0x0000000084f00000, 0x0000000084f00000| Untracked 
|  58|0x0000000085000000, 0x0000000085000000, 0x0000000085100000|  0%| F|  |TAMS 0x0000000085000000, 0x0000000085000000| Untracked 
|  59|0x0000000085100000, 0x0000000085100000, 0x0000000085200000|  0%| F|  |TAMS 0x0000000085100000, 0x0000000085100000| Untracked 
|  60|0x0000000085200000, 0x0000000085200000, 0x0000000085300000|  0%| F|  |TAMS 0x0000000085200000, 0x0000000085200000| Untracked 
|  61|0x0000000085300000, 0x0000000085300000, 0x0000000085400000|  0%| F|  |TAMS 0x0000000085300000, 0x0000000085300000| Untracked 
|  62|0x0000000085400000, 0x0000000085400000, 0x0000000085500000|  0%| F|  |TAMS 0x0000000085400000, 0x0000000085400000| Untracked 
|  63|0x0000000085500000, 0x0000000085500000, 0x0000000085600000|  0%| F|  |TAMS 0x0000000085500000, 0x0000000085500000| Untracked 
|  64|0x0000000085600000, 0x0000000085600000, 0x0000000085700000|  0%| F|  |TAMS 0x0000000085600000, 0x0000000085600000| Untracked 
|  65|0x0000000085700000, 0x0000000085700000, 0x0000000085800000|  0%| F|  |TAMS 0x0000000085700000, 0x0000000085700000| Untracked 
|  66|0x0000000085800000, 0x0000000085800000, 0x0000000085900000|  0%| F|  |TAMS 0x0000000085800000, 0x0000000085800000| Untracked 
|  67|0x0000000085900000, 0x0000000085900000, 0x0000000085a00000|  0%| F|  |TAMS 0x0000000085900000, 0x0000000085900000| Untracked 
|  68|0x0000000085a00000, 0x0000000085a00000, 0x0000000085b00000|  0%| F|  |TAMS 0x0000000085a00000, 0x0000000085a00000| Untracked 
|  69|0x0000000085b00000, 0x0000000085b00000, 0x0000000085c00000|  0%| F|  |TAMS 0x0000000085b00000, 0x0000000085b00000| Untracked 
|  70|0x0000000085c00000, 0x0000000085c00000, 0x0000000085d00000|  0%| F|  |TAMS 0x0000000085c00000, 0x0000000085c00000| Untracked 
|  71|0x0000000085d00000, 0x0000000085d00000, 0x0000000085e00000|  0%| F|  |TAMS 0x0000000085d00000, 0x0000000085d00000| Untracked 
|  72|0x0000000085e00000, 0x0000000085e00000, 0x0000000085f00000|  0%| F|  |TAMS 0x0000000085e00000, 0x0000000085e00000| Untracked 
|  73|0x0000000085f00000, 0x0000000085f00000, 0x0000000086000000|  0%| F|  |TAMS 0x0000000085f00000, 0x0000000085f00000| Untracked 
|  74|0x0000000086000000, 0x0000000086000000, 0x0000000086100000|  0%| F|  |TAMS 0x0000000086000000, 0x0000000086000000| Untracked 
|  75|0x0000000086100000, 0x0000000086100000, 0x0000000086200000|  0%| F|  |TAMS 0x0000000086100000, 0x0000000086100000| Untracked 
|  76|0x0000000086200000, 0x0000000086200000, 0x0000000086300000|  0%| F|  |TAMS 0x0000000086200000, 0x0000000086200000| Untracked 
|  77|0x0000000086300000, 0x0000000086300000, 0x0000000086400000|  0%| F|  |TAMS 0x0000000086300000, 0x0000000086300000| Untracked 
|  78|0x0000000086400000, 0x0000000086400000, 0x0000000086500000|  0%| F|  |TAMS 0x0000000086400000, 0x0000000086400000| Untracked 
|  79|0x0000000086500000, 0x0000000086500000, 0x0000000086600000|  0%| F|  |TAMS 0x0000000086500000, 0x0000000086500000| Untracked 
|  80|0x0000000086600000, 0x0000000086600000, 0x0000000086700000|  0%| F|  |TAMS 0x0000000086600000, 0x0000000086600000| Untracked 
|  81|0x0000000086700000, 0x0000000086700000, 0x0000000086800000|  0%| F|  |TAMS 0x0000000086700000, 0x0000000086700000| Untracked 
|  82|0x0000000086800000, 0x0000000086800000, 0x0000000086900000|  0%| F|  |TAMS 0x0000000086800000, 0x0000000086800000| Untracked 
|  83|0x0000000086900000, 0x0000000086900000, 0x0000000086a00000|  0%| F|  |TAMS 0x0000000086900000, 0x0000000086900000| Untracked 
|  84|0x0000000086a00000, 0x0000000086a00000, 0x0000000086b00000|  0%| F|  |TAMS 0x0000000086a00000, 0x0000000086a00000| Untracked 
|  85|0x0000000086b00000, 0x0000000086b00000, 0x0000000086c00000|  0%| F|  |TAMS 0x0000000086b00000, 0x0000000086b00000| Untracked 
|  86|0x0000000086c00000, 0x0000000086c00000, 0x0000000086d00000|  0%| F|  |TAMS 0x0000000086c00000, 0x0000000086c00000| Untracked 
|  87|0x0000000086d00000, 0x0000000086d00000, 0x0000000086e00000|  0%| F|  |TAMS 0x0000000086d00000, 0x0000000086d00000| Untracked 
|  88|0x0000000086e00000, 0x0000000086e00000, 0x0000000086f00000|  0%| F|  |TAMS 0x0000000086e00000, 0x0000000086e00000| Untracked 
|  89|0x0000000086f00000, 0x0000000086f00000, 0x0000000087000000|  0%| F|  |TAMS 0x0000000086f00000, 0x0000000086f00000| Untracked 
|  90|0x0000000087000000, 0x0000000087000000, 0x0000000087100000|  0%| F|  |TAMS 0x0000000087000000, 0x0000000087000000| Untracked 
|  91|0x0000000087100000, 0x0000000087100000, 0x0000000087200000|  0%| F|  |TAMS 0x0000000087100000, 0x0000000087100000| Untracked 
|  92|0x0000000087200000, 0x0000000087200000, 0x0000000087300000|  0%| F|  |TAMS 0x0000000087200000, 0x0000000087200000| Untracked 
|  93|0x0000000087300000, 0x0000000087300000, 0x0000000087400000|  0%| F|  |TAMS 0x0000000087300000, 0x0000000087300000| Untracked 
|  94|0x0000000087400000, 0x0000000087400000, 0x0000000087500000|  0%| F|  |TAMS 0x0000000087400000, 0x0000000087400000| Untracked 
|  95|0x0000000087500000, 0x0000000087500000, 0x0000000087600000|  0%| F|  |TAMS 0x0000000087500000, 0x0000000087500000| Untracked 
|  96|0x0000000087600000, 0x0000000087600000, 0x0000000087700000|  0%| F|  |TAMS 0x0000000087600000, 0x0000000087600000| Untracked 
|  97|0x0000000087700000, 0x0000000087700000, 0x0000000087800000|  0%| F|  |TAMS 0x0000000087700000, 0x0000000087700000| Untracked 
|  98|0x0000000087800000, 0x0000000087800000, 0x0000000087900000|  0%| F|  |TAMS 0x0000000087800000, 0x0000000087800000| Untracked 
|  99|0x0000000087900000, 0x0000000087900000, 0x0000000087a00000|  0%| F|  |TAMS 0x0000000087900000, 0x0000000087900000| Untracked 
| 100|0x0000000087a00000, 0x0000000087a00000, 0x0000000087b00000|  0%| F|  |TAMS 0x0000000087a00000, 0x0000000087a00000| Untracked 
| 101|0x0000000087b00000, 0x0000000087b00000, 0x0000000087c00000|  0%| F|  |TAMS 0x0000000087b00000, 0x0000000087b00000| Untracked 
| 102|0x0000000087c00000, 0x0000000087c00000, 0x0000000087d00000|  0%| F|  |TAMS 0x0000000087c00000, 0x0000000087c00000| Untracked 
| 103|0x0000000087d00000, 0x0000000087d00000, 0x0000000087e00000|  0%| F|  |TAMS 0x0000000087d00000, 0x0000000087d00000| Untracked 
| 104|0x0000000087e00000, 0x0000000087e00000, 0x0000000087f00000|  0%| F|  |TAMS 0x0000000087e00000, 0x0000000087e00000| Untracked 
| 105|0x0000000087f00000, 0x0000000087f00000, 0x0000000088000000|  0%| F|  |TAMS 0x0000000087f00000, 0x0000000087f00000| Untracked 
| 106|0x0000000088000000, 0x0000000088000000, 0x0000000088100000|  0%| F|  |TAMS 0x0000000088000000, 0x0000000088000000| Untracked 
| 107|0x0000000088100000, 0x0000000088100000, 0x0000000088200000|  0%| F|  |TAMS 0x0000000088100000, 0x0000000088100000| Untracked 
| 108|0x0000000088200000, 0x0000000088200000, 0x0000000088300000|  0%| F|  |TAMS 0x0000000088200000, 0x0000000088200000| Untracked 
| 109|0x0000000088300000, 0x0000000088300000, 0x0000000088400000|  0%| F|  |TAMS 0x0000000088300000, 0x0000000088300000| Untracked 
| 110|0x0000000088400000, 0x0000000088400000, 0x0000000088500000|  0%| F|  |TAMS 0x0000000088400000, 0x0000000088400000| Untracked 
| 111|0x0000000088500000, 0x0000000088500000, 0x0000000088600000|  0%| F|  |TAMS 0x0000000088500000, 0x0000000088500000| Untracked 
| 112|0x0000000088600000, 0x0000000088600000, 0x0000000088700000|  0%| F|  |TAMS 0x0000000088600000, 0x0000000088600000| Untracked 
| 113|0x0000000088700000, 0x0000000088700000, 0x0000000088800000|  0%| F|  |TAMS 0x0000000088700000, 0x0000000088700000| Untracked 
| 114|0x0000000088800000, 0x0000000088800000, 0x0000000088900000|  0%| F|  |TAMS 0x0000000088800000, 0x0000000088800000| Untracked 
| 115|0x0000000088900000, 0x0000000088900000, 0x0000000088a00000|  0%| F|  |TAMS 0x0000000088900000, 0x0000000088900000| Untracked 
| 116|0x0000000088a00000, 0x0000000088a00000, 0x0000000088b00000|  0%| F|  |TAMS 0x0000000088a00000, 0x0000000088a00000| Untracked 
| 117|0x0000000088b00000, 0x0000000088b00000, 0x0000000088c00000|  0%| F|  |TAMS 0x0000000088b00000, 0x0000000088b00000| Untracked 
| 118|0x0000000088c00000, 0x0000000088c00000, 0x0000000088d00000|  0%| F|  |TAMS 0x0000000088c00000, 0x0000000088c00000| Untracked 
| 119|0x0000000088d00000, 0x0000000088d00000, 0x0000000088e00000|  0%| F|  |TAMS 0x0000000088d00000, 0x0000000088d00000| Untracked 
| 120|0x0000000088e00000, 0x0000000088e00000, 0x0000000088f00000|  0%| F|  |TAMS 0x0000000088e00000, 0x0000000088e00000| Untracked 
| 121|0x0000000088f00000, 0x0000000088f00000, 0x0000000089000000|  0%| F|  |TAMS 0x0000000088f00000, 0x0000000088f00000| Untracked 
| 122|0x0000000089000000, 0x0000000089000000, 0x0000000089100000|  0%| F|  |TAMS 0x0000000089000000, 0x0000000089000000| Untracked 
| 123|0x0000000089100000, 0x0000000089100000, 0x0000000089200000|  0%| F|  |TAMS 0x0000000089100000, 0x0000000089100000| Untracked 
| 124|0x0000000089200000, 0x0000000089200000, 0x0000000089300000|  0%| F|  |TAMS 0x0000000089200000, 0x0000000089200000| Untracked 
| 125|0x0000000089300000, 0x0000000089385b70, 0x0000000089400000| 52%| E|  |TAMS 0x0000000089300000, 0x0000000089300000| Complete 
| 126|0x0000000089400000, 0x0000000089500000, 0x0000000089500000|100%| E|CS|TAMS 0x0000000089400000, 0x0000000089400000| Complete 
| 127|0x0000000089500000, 0x0000000089600000, 0x0000000089600000|100%| E|CS|TAMS 0x0000000089500000, 0x0000000089500000| Complete 

Card table byte_map: [0x000001566bc00000,0x000001566c000000] _byte_map_base: 0x000001566b7f5000

Marking Bits (Prev, Next): (CMBitMap*) 0x00000156532359b0, (CMBitMap*) 0x00000156532359f0
 Prev Bits: [0x000001566c400000, 0x000001566e3a8000)
 Next Bits: [0x000001566e3b0000, 0x0000015670358000)

Polling page: 0x00000156532d0000

Metaspace:

Usage:
  Non-class:    928.40 KB used.
      Class:     99.54 KB used.
       Both:      1.00 MB used.

Virtual space:
  Non-class space:        8.00 MB reserved,       1.00 MB ( 12%) committed,  1 nodes.
      Class space:        1.00 GB reserved,     192.00 KB ( <1%) committed,  1 nodes.
             Both:        1.01 GB reserved,       1.19 MB ( <1%) committed. 

Chunk freelists:
   Non-Class:  3.74 MB
       Class:  3.68 MB
        Both:  7.42 MB

MaxMetaspaceSize: unlimited
CompressedClassSpaceSize: 1.00 GB
Initial GC threshold: 21.00 MB
Current GC threshold: 21.00 MB
CDS: on
MetaspaceReclaimPolicy: balanced
 - commit_granule_bytes: 65536.
 - commit_granule_words: 8192.
 - virtual_space_node_default_size: 1048576.
 - enlarge_chunks_in_place: 1.
 - new_chunks_are_fully_committed: 0.
 - uncommit_free_chunks: 1.
 - use_allocation_guard: 0.
 - handle_deallocations: 1.


Internal statistics:

num_allocs_failed_limit: 0.
num_arena_births: 52.
num_arena_deaths: 0.
num_vsnodes_births: 2.
num_vsnodes_deaths: 0.
num_space_committed: 19.
num_space_uncommitted: 0.
num_chunks_returned_to_freelist: 0.
num_chunks_taken_from_freelist: 78.
num_chunk_merges: 0.
num_chunk_splits: 46.
num_chunks_enlarged: 31.
num_purges: 0.
num_inconsistent_stats: 0.

CodeHeap 'non-profiled nmethods': size=120000Kb used=106Kb max_used=106Kb free=119894Kb
 bounds [0x0000015663cb0000, 0x0000015663f20000, 0x000001566b1e0000]
CodeHeap 'profiled nmethods': size=120000Kb used=483Kb max_used=483Kb free=119516Kb
 bounds [0x000001565c780000, 0x000001565c9f0000, 0x0000015663cb0000]
CodeHeap 'non-nmethods': size=5760Kb used=1124Kb max_used=1124Kb free=4635Kb
 bounds [0x000001565c1e0000, 0x000001565c450000, 0x000001565c780000]
 total_blobs=754 nmethods=348 adapters=319
 compilation: enabled
              stopped_count=0, restarted_count=0
 full_count=0

Compilation events (20 events):
Event: 0.256 Thread 0x000001567294e980  340       3       java.lang.reflect.Modifier::isStatic (13 bytes)
Event: 0.257 Thread 0x000001567294e980 nmethod 340 0x000001565c7f4890 code [0x000001565c7f4a20, 0x000001565c7f4b78]
Event: 0.257 Thread 0x000001567294e980  342       3       java.lang.invoke.MemberName::isStatic (8 bytes)
Event: 0.257 Thread 0x000001567294e980 nmethod 342 0x000001565c7f4c10 code [0x000001565c7f4da0, 0x000001565c7f4f78]
Event: 0.257 Thread 0x000001567294e980  339       3       jdk.internal.org.objectweb.asm.Frame::pop (42 bytes)
Event: 0.257 Thread 0x000001567294e980 nmethod 339 0x000001565c7f5010 code [0x000001565c7f51c0, 0x000001565c7f5378]
Event: 0.257 Thread 0x000001567294e980  341       3       jdk.internal.org.objectweb.asm.Frame::getLocal (46 bytes)
Event: 0.257 Thread 0x000001567294e980 nmethod 341 0x000001565c7f5490 code [0x000001565c7f5640, 0x000001565c7f5878]
Event: 0.257 Thread 0x000001567294e980  343       3       java.lang.invoke.MethodTypeForm::canonicalizeAll (63 bytes)
Event: 0.258 Thread 0x000001567294e980 nmethod 343 0x000001565c7f5990 code [0x000001565c7f5b80, 0x000001565c7f61d8]
Event: 0.258 Thread 0x000001567294e980  347       3       java.util.ImmutableCollections$ListN::get (7 bytes)
Event: 0.258 Thread 0x000001567294e980 nmethod 347 0x000001565c7f6390 code [0x000001565c7f6520, 0x000001565c7f6658]
Event: 0.258 Thread 0x000001567294e980  345       3       java.lang.invoke.MethodTypeForm::canonicalize (59 bytes)
Event: 0.258 Thread 0x000001567294e980 nmethod 345 0x000001565c7f6710 code [0x000001565c7f68e0, 0x000001565c7f6be8]
Event: 0.258 Thread 0x000001567294e980  349       3       java.lang.invoke.InvokerBytecodeGenerator::emitImplicitConversion (161 bytes)
Event: 0.260 Thread 0x000001567294e980 nmethod 349 0x000001565c7f6d10 code [0x000001565c7f7020, 0x000001565c7f7eb8]
Event: 0.260 Thread 0x000001567294e980  350       3       java.lang.invoke.MemberName::getReferenceKind (12 bytes)
Event: 0.260 Thread 0x000001567294e980 nmethod 350 0x000001565c7f8390 code [0x000001565c7f8520, 0x000001565c7f8638]
Event: 0.260 Thread 0x000001567294e980  346       3       java.lang.invoke.MethodType$ConcurrentWeakInternSet$WeakEntry::<init> (15 bytes)
Event: 0.260 Thread 0x000001567294e980 nmethod 346 0x000001565c7f8710 code [0x000001565c7f88e0, 0x000001565c7f8ce8]

GC Heap History (0 events):
No events

Deoptimization events (4 events):
Event: 0.226 Thread 0x000001565314af80 Uncommon trap: trap_request=0xffffff45 fr.pc=0x0000015663cc5b58 relative=0x0000000000000238
Event: 0.226 Thread 0x000001565314af80 Uncommon trap: reason=unstable_if action=reinterpret pc=0x0000015663cc5b58 method=java.io.BufferedReader.read()I @ 19 c2
Event: 0.226 Thread 0x000001565314af80 DEOPT PACKING pc=0x0000015663cc5b58 sp=0x0000001fc91fe5d0
Event: 0.226 Thread 0x000001565314af80 DEOPT UNPACKING pc=0x000001565c2323a3 sp=0x0000001fc91fe510 mode 2

Classes unloaded (0 events):
No events

Classes redefined (0 events):
No events

Internal exceptions (4 events):
Event: 0.233 Thread 0x000001565314af80 Exception <a 'java/lang/NoSuchMethodError'{0x00000000894e8b58}: 'java.lang.Object java.lang.invoke.DirectMethodHandle$Holder.invokeStaticInit(java.lang.Object)'> (0x00000000894e8b58) 
thrown [t:\workspace\open\src\hotspot\share\interpreter\linkResolver.cpp, line 766]
Event: 0.238 Thread 0x000001565314af80 Exception <a 'java/lang/NoSuchMethodError'{0x00000000894f5730}: 'java.lang.Object java.lang.invoke.DirectMethodHandle$Holder.invokeStaticInit(java.lang.Object, java.lang.Object, long, java.lang.Object)'> (0x00000000894f5730) 
thrown [t:\workspace\open\src\hotspot\share\interpreter\linkResolver.cpp, line 766]
Event: 0.239 Thread 0x000001565314af80 Exception <a 'java/lang/NoSuchMethodError'{0x00000000894fbbf0}: 'java.lang.Object java.lang.invoke.DirectMethodHandle$Holder.newInvokeSpecial(java.lang.Object, java.lang.Object, long)'> (0x00000000894fbbf0) 
thrown [t:\workspace\open\src\hotspot\share\interpreter\linkResolver.cpp, line 766]
Event: 0.240 Thread 0x000001565314af80 Exception <a 'java/lang/NoSuchMethodError'{0x00000000894ff760}: 'java.lang.Object java.lang.invoke.Invokers$Holder.linkToTargetMethod(java.lang.Object, long, java.lang.Object)'> (0x00000000894ff760) 
thrown [t:\workspace\open\src\hotspot\share\interpreter\linkResolver.cpp, line 766]

VM Operations (2 events):
Event: 0.096 Executing VM operation: HandshakeAllThreads
Event: 0.096 Executing VM operation: HandshakeAllThreads done

Events (20 events):
Event: 0.242 loading class java/util/AbstractQueue
Event: 0.242 loading class java/util/AbstractQueue done
Event: 0.242 loading class java/util/concurrent/SynchronousQueue done
Event: 0.242 loading class java/util/concurrent/SynchronousQueue$TransferStack
Event: 0.242 loading class java/util/concurrent/SynchronousQueue$Transferer
Event: 0.242 loading class java/util/concurrent/SynchronousQueue$Transferer done
Event: 0.242 loading class java/util/concurrent/SynchronousQueue$TransferStack done
Event: 0.242 loading class java/util/concurrent/SynchronousQueue$TransferStack$SNode
Event: 0.242 loading class java/util/concurrent/ForkJoinPool$ManagedBlocker
Event: 0.242 loading class java/util/concurrent/ForkJoinPool$ManagedBlocker done
Event: 0.242 loading class java/util/concurrent/SynchronousQueue$TransferStack$SNode done
Event: 0.245 loading class java/util/concurrent/locks/AbstractQueuedSynchronizer$ConditionObject
Event: 0.245 loading class java/util/concurrent/locks/Condition
Event: 0.245 loading class java/util/concurrent/locks/Condition done
Event: 0.245 loading class java/util/concurrent/locks/AbstractQueuedSynchronizer$ConditionObject done
Event: 0.268 loading class java/lang/IndexOutOfBoundsException
Event: 0.268 loading class java/lang/IndexOutOfBoundsException done
Event: 0.269 Thread 0x000001565314af80 Thread exited: 0x000001565314af80
Event: 0.269 Thread 0x000001565314af80 Thread added: 0x000001565314af80
Event: 0.269 Thread 0x000001565314af80 Thread exited: 0x000001565314af80


Dynamic libraries:
0x00007ff6fe750000 - 0x00007ff6fe75e000 	C:\Program Files\Java\jdk-17.0.1\bin\java.exe
0x00007ffd9e7d0000 - 0x00007ffd9e9c8000 	C:\WINDOWS\SYSTEM32\ntdll.dll
0x00007ffd9caa0000 - 0x00007ffd9cb62000 	C:\WINDOWS\System32\KERNEL32.DLL
0x00007ffd9c2e0000 - 0x00007ffd9c5d6000 	C:\WINDOWS\System32\KERNELBASE.dll
0x00007ffd9c090000 - 0x00007ffd9c190000 	C:\WINDOWS\System32\ucrtbase.dll
0x00007ffd95650000 - 0x00007ffd95668000 	C:\Program Files\Java\jdk-17.0.1\bin\jli.dll
0x00007ffd95670000 - 0x00007ffd9568a000 	C:\Program Files\Java\jdk-17.0.1\bin\VCRUNTIME140.dll
0x00007ffd9c800000 - 0x00007ffd9c99d000 	C:\WINDOWS\System32\USER32.dll
0x00007ffd9c670000 - 0x00007ffd9c692000 	C:\WINDOWS\System32\win32u.dll
0x00007ffd781b0000 - 0x00007ffd7844a000 	C:\WINDOWS\WinSxS\amd64_microsoft.windows.common-controls_6595b64144ccf1df_6.0.19041.5794_none_60bcd33171f2783c\COMCTL32.dll
0x00007ffd9cd10000 - 0x00007ffd9cd3b000 	C:\WINDOWS\System32\GDI32.dll
0x00007ffd9cf80000 - 0x00007ffd9d01e000 	C:\WINDOWS\System32\msvcrt.dll
0x00007ffd9c1c0000 - 0x00007ffd9c2da000 	C:\WINDOWS\System32\gdi32full.dll
0x00007ffd9bff0000 - 0x00007ffd9c08d000 	C:\WINDOWS\System32\msvcp_win.dll
0x00007ffd9ce70000 - 0x00007ffd9ce9f000 	C:\WINDOWS\System32\IMM32.DLL
0x00007ffd95710000 - 0x00007ffd9571c000 	C:\Program Files\Java\jdk-17.0.1\bin\vcruntime140_1.dll
0x00007ffd79950000 - 0x00007ffd799dd000 	C:\Program Files\Java\jdk-17.0.1\bin\msvcp140.dll
0x00007ffd260b0000 - 0x00007ffd26c6e000 	C:\Program Files\Java\jdk-17.0.1\bin\server\jvm.dll
0x00007ffd9d270000 - 0x00007ffd9d31f000 	C:\WINDOWS\System32\ADVAPI32.dll
0x00007ffd9c9a0000 - 0x00007ffd9ca3f000 	C:\WINDOWS\System32\sechost.dll
0x00007ffd9cd40000 - 0x00007ffd9ce63000 	C:\WINDOWS\System32\RPCRT4.dll
0x00007ffd9c190000 - 0x00007ffd9c1b7000 	C:\WINDOWS\System32\bcrypt.dll
0x00007ffd9cca0000 - 0x00007ffd9cca8000 	C:\WINDOWS\System32\PSAPI.DLL
0x00007ffd85fa0000 - 0x00007ffd85fa9000 	C:\WINDOWS\SYSTEM32\WSOCK32.dll
0x00007ffd9d8f0000 - 0x00007ffd9d95b000 	C:\WINDOWS\System32\WS2_32.dll
0x00007ffd7a670000 - 0x00007ffd7a697000 	C:\WINDOWS\SYSTEM32\WINMM.dll
0x00007ffd914b0000 - 0x00007ffd914ba000 	C:\WINDOWS\SYSTEM32\VERSION.dll
0x00007ffd99cf0000 - 0x00007ffd99d02000 	C:\WINDOWS\SYSTEM32\kernel.appcore.dll
0x00007ffd955a0000 - 0x00007ffd955aa000 	C:\Program Files\Java\jdk-17.0.1\bin\jimage.dll
0x00007ffd927c0000 - 0x00007ffd929c1000 	C:\WINDOWS\SYSTEM32\DBGHELP.DLL
0x00007ffd92760000 - 0x00007ffd92794000 	C:\WINDOWS\SYSTEM32\dbgcore.DLL
0x00007ffd9c5e0000 - 0x00007ffd9c662000 	C:\WINDOWS\System32\bcryptPrimitives.dll
0x00007ffd91150000 - 0x00007ffd91175000 	C:\Program Files\Java\jdk-17.0.1\bin\java.dll
0x00007ffd77ab0000 - 0x00007ffd77b86000 	C:\Program Files\Java\jdk-17.0.1\bin\svml.dll
0x00007ffd9dde0000 - 0x00007ffd9e54e000 	C:\WINDOWS\System32\SHELL32.dll
0x00007ffd99ef0000 - 0x00007ffd9a693000 	C:\WINDOWS\SYSTEM32\windows.storage.dll
0x00007ffd9d960000 - 0x00007ffd9dcb3000 	C:\WINDOWS\System32\combase.dll
0x00007ffd9b7d0000 - 0x00007ffd9b7fb000 	C:\WINDOWS\SYSTEM32\Wldp.dll
0x00007ffd9d790000 - 0x00007ffd9d85d000 	C:\WINDOWS\System32\OLEAUT32.dll
0x00007ffd9d0d0000 - 0x00007ffd9d17d000 	C:\WINDOWS\System32\SHCORE.dll
0x00007ffd9ca40000 - 0x00007ffd9ca95000 	C:\WINDOWS\System32\shlwapi.dll
0x00007ffd9bda0000 - 0x00007ffd9bdc5000 	C:\WINDOWS\SYSTEM32\profapi.dll
0x00007ffd91600000 - 0x00007ffd91619000 	C:\Program Files\Java\jdk-17.0.1\bin\net.dll
0x00007ffd93a60000 - 0x00007ffd93b6a000 	C:\WINDOWS\SYSTEM32\WINHTTP.dll
0x00007ffd9b530000 - 0x00007ffd9b59c000 	C:\WINDOWS\system32\mswsock.dll
0x00007ffd8ee90000 - 0x00007ffd8eea5000 	C:\Program Files\Java\jdk-17.0.1\bin\nio.dll
0x00007ffd8ee70000 - 0x00007ffd8ee88000 	C:\Program Files\Java\jdk-17.0.1\bin\zip.dll
0x00007ffd954b0000 - 0x00007ffd954c0000 	C:\Program Files\Java\jdk-17.0.1\bin\verify.dll
0x00007ffd91640000 - 0x00007ffd91649000 	C:\Program Files\Java\jdk-17.0.1\bin\attach.dll

dbghelp: loaded successfully - version: 4.0.5 - missing functions: none
symbol engine: initialized successfully - sym options: 0x614 - pdb path: .;C:\Program Files\Java\jdk-17.0.1\bin;C:\WINDOWS\SYSTEM32;C:\WINDOWS\WinSxS\amd64_microsoft.windows.common-controls_6595b64144ccf1df_6.0.19041.5794_none_60bcd33171f2783c;C:\Program Files\Java\jdk-17.0.1\bin\server

VM Arguments:
jvm_args: -Dnet.bytebuddy.agent.attacher.dump= 
java_command: net.bytebuddy.agent.Attacher com.sun.tools.attach.VirtualMachine 23004 C:\Users\killak\.m2\repository\net\bytebuddy\byte-buddy-agent\1.14.4\byte-buddy-agent-1.14.4.jar false 
java_class_path (initial): C:\Users\killak\.m2\repository\net\bytebuddy\byte-buddy-agent\1.14.4\byte-buddy-agent-1.14.4.jar
Launcher Type: SUN_STANDARD

[Global flags]
     intx CICompilerCount                          = 3                                         {product} {ergonomic}
     uint ConcGCThreads                            = 1                                         {product} {ergonomic}
     uint G1ConcRefinementThreads                  = 4                                         {product} {ergonomic}
   size_t G1HeapRegionSize                         = 1048576                                   {product} {ergonomic}
    uintx GCDrainStackTargetSize                   = 64                                        {product} {ergonomic}
   size_t InitialHeapSize                          = 134217728                                 {product} {ergonomic}
   size_t MarkStackSize                            = 4194304                                   {product} {ergonomic}
   size_t MaxHeapSize                              = 2124414976                                {product} {ergonomic}
   size_t MaxNewSize                               = 1274019840                                {product} {ergonomic}
   size_t MinHeapDeltaBytes                        = 1048576                                   {product} {ergonomic}
   size_t MinHeapSize                              = 8388608                                   {product} {ergonomic}
    uintx NonNMethodCodeHeapSize                   = 5832780                                {pd product} {ergonomic}
    uintx NonProfiledCodeHeapSize                  = 122912730                              {pd product} {ergonomic}
    uintx ProfiledCodeHeapSize                     = 122912730                              {pd product} {ergonomic}
    uintx ReservedCodeCacheSize                    = 251658240                              {pd product} {ergonomic}
     bool SegmentedCodeCache                       = true                                      {product} {ergonomic}
   size_t SoftMaxHeapSize                          = 2124414976                             {manageable} {ergonomic}
     bool UseCompressedClassPointers               = true                           {product lp64_product} {ergonomic}
     bool UseCompressedOops                        = true                           {product lp64_product} {ergonomic}
     bool UseG1GC                                  = true                                      {product} {ergonomic}
     bool UseLargePagesIndividualAllocation        = false                                  {pd product} {ergonomic}

Logging:
Log output configuration:
 #0: stdout all=warning uptime,level,tags
 #1: stderr all=off uptime,level,tags

Environment Variables:
JAVA_HOME=C:\Program Files\Java\jdk-17.0.1
PATH=C:\Python313\Scripts\;C:\Python313\;c:\Users\killak\AppData\Local\Programs\cursor\resources\app\bin;C:\Program Files\Google\Chrome\Application;C:\Program Files (x86)\Intel\iCLS Client\;C:\Program Files\Intel\iCLS Client\;C:\WINDOWS\system32;C:\WINDOWS;C:\WINDOWS\System32\Wbem;C:\WINDOWS\System32\WindowsPowerShell\v1.0\;C:\WINDOWS\System32\OpenSSH\;C:\Users\killak\AppData\Local\Microsoft\WindowsApps;c:\Users\killak\AppData\Local\Programs\cursor\resources\app\bin;c:\Users\killak\AppData\Local\Programs\cursor\resources\app\bin;C:\Program Files\nodejs\;C:\ProgramData\chocolatey\bin;C:\Program Files\Java\jdk-17.0.1\bin;C:\Program Files\Maven\apache-maven-3.9.9\bin;C:\Users\killak\AppData\Local\Microsoft\WindowsApps;C:\Users\killak\AppData\Local\Programs\cursor\resources\app\bin;C:\Users\killak\AppData\Roaming\npm;C:\Users\killak\AppData\Local\Programs\Microsoft VS Code\bin;
USERNAME=killak
LANG=en_US.UTF-8
OS=Windows_NT
PROCESSOR_IDENTIFIER=Intel64 Family 6 Model 69 Stepping 1, GenuineIntel



---------------  S Y S T E M  ---------------

OS:
 Windows 10 , 64 bit Build 19041 (10.0.19041.5794)
OS uptime: 6 days 21:48 hours

CPU: total 4 (initial active 4) (2 cores per cpu, 2 threads per core) family 6 model 69 stepping 1 microcode 0x26, cx8, cmov, fxsr, ht, mmx, sse, sse2, sse3, ssse3, sse4.1, sse4.2, popcnt, lzcnt, tsc, tscinvbit, avx, avx2, aes, erms, clmul, bmi1, bmi2, fma, vzeroupper, clflush

Memory: 4k page, system-wide physical 8100M (522M free)
TotalPageFile size 14898M (AvailPageFile size 4M)
current process WorkingSet (physical memory assigned to process): 37M, peak: 37M
current process commit charge ("private bytes"): 205M, peak: 205M

vm_info: OpenJDK 64-Bit Server VM (17.0.1+12-39) for windows-amd64 JRE (17.0.1+12-39), built on Sep 27 2021 18:39:29 by "mach5one" with MS VC++ 16.8 (VS2019)

END.
